# JRE version: Java(TM) SE Runtime Environment (8.0_51-b16) (build 1.8.0_51-b16)
# Java VM: Java HotSpot(TM) 64-Bit Server VM (25.51-b03 mixed mode windows-amd64 compressed oops)
Heap:
 PSYoungGen      total 206848K, used 143131K [0x00000000eab00000, 0x00000000fa200000, 0x0000000100000000)
  eden space 204800K, 69% used [0x00000000eab00000,0x00000000f36c6e58,0x00000000f7300000)
  from space 2048K, 0% used [0x00000000f7300000,0x00000000f7300000,0x00000000f7500000)
  to   space 24064K, 0% used [0x00000000f8a80000,0x00000000f8a80000,0x00000000fa200000)
 ParOldGen       total 78848K, used 61398K [0x00000000c0000000, 0x00000000c4d00000, 0x00000000eab00000)
  object space 78848K, 77% used [0x00000000c0000000,0x00000000c3bf5948,0x00000000c4d00000)
 Metaspace       used 48887K, capacity 52410K, committed 52864K, reserved 1093632K
  class space    used 6654K, capacity 7815K, committed 8064K, reserved 1048576K
GC Heap History (10 events):
Event: 25.446 GC heap before
{Heap before GC invocations=19 (full 3):
 PSYoungGen      total 246272K, used 6814K [0x00000000eab00000, 0x00000000fb680000, 0x0000000100000000)
  eden space 221696K, 0% used [0x00000000eab00000,0x00000000eab00000,0x00000000f8380000)
  from space 24576K, 27% used [0x00000000f9e80000,0x00000000fa527970,0x00000000fb680000)
  to   space 26112K, 0% used [0x00000000f8380000,0x00000000f8380000,0x00000000f9d00000)
 ParOldGen       total 78848K, used 60711K [0x00000000c0000000, 0x00000000c4d00000, 0x00000000eab00000)
  object space 78848K, 76% used [0x00000000c0000000,0x00000000c3b49db0,0x00000000c4d00000)
 Metaspace       used 47230K, capacity 49942K, committed 50176K, reserved 1091584K
  class space    used 6513K, capacity 7420K, committed 7424K, reserved 1048576K
Event: 25.771 GC heap after
Heap after GC invocations=19 (full 3):
 PSYoungGen      total 246272K, used 0K [0x00000000eab00000, 0x00000000fb680000, 0x0000000100000000)
  eden space 221696K, 0% used [0x00000000eab00000,0x00000000eab00000,0x00000000f8380000)
  from space 24576K, 0% used [0x00000000f9e80000,0x00000000f9e80000,0x00000000fb680000)
  to   space 26112K, 0% used [0x00000000f8380000,0x00000000f8380000,0x00000000f9d00000)
 ParOldGen       total 78848K, used 57863K [0x00000000c0000000, 0x00000000c4d00000, 0x00000000eab00000)
  object space 78848K, 73% used [0x00000000c0000000,0x00000000c3881f90,0x00000000c4d00000)
 Metaspace       used 47230K, capacity 49942K, committed 50176K, reserved 1091584K
  class space    used 6513K, capacity 7420K, committed 7424K, reserved 1048576K
}
Event: 550.204 GC heap before
{Heap before GC invocations=20 (full 3):
 PSYoungGen      total 246272K, used 221696K [0x00000000eab00000, 0x00000000fb680000, 0x0000000100000000)
  eden space 221696K, 100% used [0x00000000eab00000,0x00000000f8380000,0x00000000f8380000)
  from space 24576K, 0% used [0x00000000f9e80000,0x00000000f9e80000,0x00000000fb680000)
  to   space 26112K, 0% used [0x00000000f8380000,0x00000000f8380000,0x00000000f9d00000)
 ParOldGen       total 78848K, used 57863K [0x00000000c0000000, 0x00000000c4d00000, 0x00000000eab00000)
  object space 78848K, 73% used [0x00000000c0000000,0x00000000c3881f90,0x00000000c4d00000)
 Metaspace       used 47675K, capacity 50784K, committed 50944K, reserved 1093632K
  class space    used 6558K, capacity 7615K, committed 7680K, reserved 1048576K
Event: 550.209 GC heap after
Heap after GC invocations=20 (full 3):
 PSYoungGen      total 215552K, used 2480K [0x00000000eab00000, 0x00000000fad00000, 0x0000000100000000)
  eden space 212992K, 0% used [0x00000000eab00000,0x00000000eab00000,0x00000000f7b00000)
  from space 2560K, 96% used [0x00000000f8380000,0x00000000f85ec040,0x00000000f8600000)
  to   space 25600K, 0% used [0x00000000f9400000,0x00000000f9400000,0x00000000fad00000)
 ParOldGen       total 78848K, used 57871K [0x00000000c0000000, 0x00000000c4d00000, 0x00000000eab00000)
  object space 78848K, 73% used [0x00000000c0000000,0x00000000c3883f90,0x00000000c4d00000)
 Metaspace       used 47675K, capacity 50784K, committed 50944K, reserved 1093632K
  class space    used 6558K, capacity 7615K, committed 7680K, reserved 1048576K
}
Event: 550.716 GC heap before
{Heap before GC invocations=21 (full 3):
 PSYoungGen      total 215552K, used 215472K [0x00000000eab00000, 0x00000000fad00000, 0x0000000100000000)
  eden space 212992K, 100% used [0x00000000eab00000,0x00000000f7b00000,0x00000000f7b00000)
  from space 2560K, 96% used [0x00000000f8380000,0x00000000f85ec040,0x00000000f8600000)
  to   space 25600K, 0% used [0x00000000f9400000,0x00000000f9400000,0x00000000fad00000)
 ParOldGen       total 78848K, used 57871K [0x00000000c0000000, 0x00000000c4d00000, 0x00000000eab00000)
  object space 78848K, 73% used [0x00000000c0000000,0x00000000c3883f90,0x00000000c4d00000)
 Metaspace       used 47856K, capacity 51140K, committed 51328K, reserved 1093632K
  class space    used 6572K, capacity 7683K, committed 7808K, reserved 1048576K
Event: 550.722 GC heap after
Heap after GC invocations=21 (full 3):
 PSYoungGen      total 220160K, used 1952K [0x00000000eab00000, 0x00000000fa300000, 0x0000000100000000)
  eden space 204800K, 0% used [0x00000000eab00000,0x00000000eab00000,0x00000000f7300000)
  from space 15360K, 12% used [0x00000000f9400000,0x00000000f95e8000,0x00000000fa300000)
  to   space 24576K, 0% used [0x00000000f7300000,0x00000000f7300000,0x00000000f8b00000)
 ParOldGen       total 78848K, used 59860K [0x00000000c0000000, 0x00000000c4d00000, 0x00000000eab00000)
  object space 78848K, 75% used [0x00000000c0000000,0x00000000c3a750d8,0x00000000c4d00000)
 Metaspace       used 47856K, capacity 51140K, committed 51328K, reserved 1093632K
  class space    used 6572K, capacity 7683K, committed 7808K, reserved 1048576K
}
Event: 551.313 GC heap before
{Heap before GC invocations=22 (full 3):
 PSYoungGen      total 220160K, used 150025K [0x00000000eab00000, 0x00000000fa300000, 0x0000000100000000)
  eden space 204800K, 72% used [0x00000000eab00000,0x00000000f3b9a7c0,0x00000000f7300000)
  from space 15360K, 12% used [0x00000000f9400000,0x00000000f95e8000,0x00000000fa300000)
  to   space 24576K, 0% used [0x00000000f7300000,0x00000000f7300000,0x00000000f8b00000)
 ParOldGen       total 78848K, used 59860K [0x00000000c0000000, 0x00000000c4d00000, 0x00000000eab00000)
  object space 78848K, 75% used [0x00000000c0000000,0x00000000c3a750d8,0x00000000c4d00000)
 Metaspace       used 48196K, capacity 51768K, committed 51968K, reserved 1093632K
  class space    used 6614K, capacity 7854K, committed 7936K, reserved 1048576K
Event: 551.317 GC heap after
Heap after GC invocations=22 (full 3):
 PSYoungGen      total 206848K, used 1839K [0x00000000eab00000, 0x00000000fa200000, 0x0000000100000000)
  eden space 204800K, 0% used [0x00000000eab00000,0x00000000eab00000,0x00000000f7300000)
  from space 2048K, 89% used [0x00000000f7300000,0x00000000f74cbf50,0x00000000f7500000)
  to   space 24064K, 0% used [0x00000000f8a80000,0x00000000f8a80000,0x00000000fa200000)
 ParOldGen       total 78848K, used 61256K [0x00000000c0000000, 0x00000000c4d00000, 0x00000000eab00000)
  object space 78848K, 77% used [0x00000000c0000000,0x00000000c3bd2128,0x00000000c4d00000)
 Metaspace       used 48196K, capacity 51768K, committed 51968K, reserved 1093632K
  class space    used 6614K, capacity 7854K, committed 7936K, reserved 1048576K
}
Event: 551.317 GC heap before
{Heap before GC invocations=23 (full 4):
 PSYoungGen      total 206848K, used 1839K [0x00000000eab00000, 0x00000000fa200000, 0x0000000100000000)
  eden space 204800K, 0% used [0x00000000eab00000,0x00000000eab00000,0x00000000f7300000)
  from space 2048K, 89% used [0x00000000f7300000,0x00000000f74cbf50,0x00000000f7500000)
  to   space 24064K, 0% used [0x00000000f8a80000,0x00000000f8a80000,0x00000000fa200000)
 ParOldGen       total 78848K, used 61256K [0x00000000c0000000, 0x00000000c4d00000, 0x00000000eab00000)
  object space 78848K, 77% used [0x00000000c0000000,0x00000000c3bd2128,0x00000000c4d00000)
 Metaspace       used 48196K, capacity 51768K, committed 51968K, reserved 1093632K
  class space    used 6614K, capacity 7854K, committed 7936K, reserved 1048576K
Event: 551.910 GC heap after
Heap after GC invocations=23 (full 4):
 PSYoungGen      total 206848K, used 0K [0x00000000eab00000, 0x00000000fa200000, 0x0000000100000000)
  eden space 204800K, 0% used [0x00000000eab00000,0x00000000eab00000,0x00000000f7300000)
  from space 2048K, 0% used [0x00000000f7300000,0x00000000f7300000,0x00000000f7500000)
  to   space 24064K, 0% used [0x00000000f8a80000,0x00000000f8a80000,0x00000000fa200000)
 ParOldGen       total 78848K, used 61398K [0x00000000c0000000, 0x00000000c4d00000, 0x00000000eab00000)
  object space 78848K, 77% used [0x00000000c0000000,0x00000000c3bf5948,0x00000000c4d00000)
 Metaspace       used 48053K, capacity 51266K, committed 51968K, reserved 1093632K
  class space    used 6582K, capacity 7684K, committed 7936K, reserved 1048576K
}

